bex-recap-renderer/android/app/build/outputs/logs/manifest-merger-release-report.txt
-- Merging decision tree log ---
manifest
ADDED from src\main\AndroidManifest.xml:21:1-195:12
INJECTED from src\main\AndroidManifest.xml:21:1-195:12
INJECTED from src\main\AndroidManifest.xml:21:1-195:12
INJECTED from src\main\AndroidManifest.xml:21:1-195:12
MERGED from [com.google.androidbrowserhelper:billing:1.1.0] AndroidManifest.xml:2:1-7:12
MERGED from [com.google.androidbrowserhelper:androidbrowserhelper:2.5.0] AndroidManifest.xml:17:1-36:12
MERGED from [androidx.browser:browser:1.4.0] AndroidManifest.xml:17:1-24:12
MERGED from [com.android.billingclient:billing:7.1.1] AndroidManifest.xml:2:1-38:12
MERGED from [com.google.android.gms:play-services-location:19.0.0] AndroidManifest.xml:2:1-9:12
MERGED from [com.google.android.gms:play-services-base:18.5.0] AndroidManifest.xml:2:1-7:12
MERGED from [com.google.android.gms:play-services-tasks:18.2.0] AndroidManifest.xml:2:1-5:12
MERGED from [com.google.android.gms:play-services-places-placereport:17.0.0] AndroidManifest.xml:17:1-24:12
MERGED from [com.google.android.gms:play-services-basement:18.4.0] AndroidManifest.xml:2:1-9:12
MERGED from [androidx.fragment:fragment:1.1.0] AndroidManifest.xml:17:1-24:12
MERGED from [androidx.activity:activity:1.2.3] AndroidManifest.xml:17:1-24:12
MERGED from [androidx.viewpager:viewpager:1.0.0] AndroidManifest.xml:17:1-22:12
MERGED from [androidx.loader:loader:1.0.0] AndroidManifest.xml:17:1-22:12
MERGED from [androidx.customview:customview:1.0.0] AndroidManifest.xml:17:1-22:12
MERGED from [androidx.core:core:1.2.0] AndroidManifest.xml:17:1-26:12
MERGED from [androidx.versionedparcelable:versionedparcelable:1.1.0] AndroidManifest.xml:17:1-27:12
MERGED from [androidx.interpolator:interpolator:1.0.0] AndroidManifest.xml:17:1-22:12
MERGED from [com.google.android.datatransport:transport-backend-cct:3.1.8] AndroidManifest.xml:15:1-37:12
MERGED from [com.google.android.datatransport:transport-runtime:3.1.8] AndroidManifest.xml:15:1-41:12
MERGED from [com.google.android.datatransport:transport-api:3.0.0] AndroidManifest.xml:15:1-22:12
MERGED from [androidx.lifecycle:lifecycle-runtime:2.3.1] AndroidManifest.xml:17:1-24:12
MERGED from [androidx.lifecycle:lifecycle-viewmodel-savedstate:2.3.1] AndroidManifest.xml:17:1-24:12
MERGED from [androidx.lifecycle:lifecycle-viewmodel:2.3.1] AndroidManifest.xml:17:1-24:12
MERGED from [androidx.savedstate:savedstate:1.1.0] AndroidManifest.xml:17:1-24:12
MERGED from [androidx.tracing:tracing:1.0.0] AndroidManifest.xml:17:1-24:12
MERGED from [com.google.firebase:firebase-encoders-json:18.0.0] AndroidManifest.xml:15:1-23:12
MERGED from [androidx.lifecycle:lifecycle-livedata:2.0.0] AndroidManifest.xml:17:1-22:12
MERGED from [androidx.lifecycle:lifecycle-livedata-core:2.3.1] AndroidManifest.xml:17:1-24:12
MERGED from [androidx.arch.core:core-runtime:2.1.0] AndroidManifest.xml:17:1-24:12
	package
		ADDED from src\main\AndroidManifest.xml:21:70-97
		INJECTED from src\main\AndroidManifest.xml
	android:versionName
		INJECTED from src\main\AndroidManifest.xml
	android:versionCode
		INJECTED from src\main\AndroidManifest.xml
	xmlns:android
		ADDED from src\main\AndroidManifest.xml:21:11-69
uses-permission#android.permission.POST_NOTIFICATIONS
ADDED from src\main\AndroidManifest.xml:22:5-77
	android:name
		ADDED from src\main\AndroidManifest.xml:22:22-74
application
ADDED from src\main\AndroidManifest.xml:24:5-194:19
INJECTED from src\main\AndroidManifest.xml:24:5-194:19
MERGED from [com.android.billingclient:billing:7.1.1] AndroidManifest.xml:21:5-36:19
MERGED from [com.android.billingclient:billing:7.1.1] AndroidManifest.xml:21:5-36:19
MERGED from [com.google.android.gms:play-services-location:19.0.0] AndroidManifest.xml:7:5-20
MERGED from [com.google.android.gms:play-services-location:19.0.0] AndroidManifest.xml:7:5-20
MERGED from [com.google.android.gms:play-services-base:18.5.0] AndroidManifest.xml:4:5-6:19
MERGED from [com.google.android.gms:play-services-base:18.5.0] AndroidManifest.xml:4:5-6:19
MERGED from [com.google.android.gms:play-services-tasks:18.2.0] AndroidManifest.xml:4:5-20
MERGED from [com.google.android.gms:play-services-tasks:18.2.0] AndroidManifest.xml:4:5-20
MERGED from [com.google.android.gms:play-services-places-placereport:17.0.0] AndroidManifest.xml:22:5-20
MERGED from [com.google.android.gms:play-services-places-placereport:17.0.0] AndroidManifest.xml:22:5-20
MERGED from [com.google.android.gms:play-services-basement:18.4.0] AndroidManifest.xml:5:5-7:19
MERGED from [com.google.android.gms:play-services-basement:18.4.0] AndroidManifest.xml:5:5-7:19
MERGED from [androidx.core:core:1.2.0] AndroidManifest.xml:24:5-89
MERGED from [androidx.core:core:1.2.0] AndroidManifest.xml:24:5-89
MERGED from [androidx.versionedparcelable:versionedparcelable:1.1.0] AndroidManifest.xml:24:5-25:19
MERGED from [androidx.versionedparcelable:versionedparcelable:1.1.0] AndroidManifest.xml:24:5-25:19
MERGED from [com.google.android.datatransport:transport-backend-cct:3.1.8] AndroidManifest.xml:27:5-35:19
MERGED from [com.google.android.datatransport:transport-backend-cct:3.1.8] AndroidManifest.xml:27:5-35:19
MERGED from [com.google.android.datatransport:transport-runtime:3.1.8] AndroidManifest.xml:25:5-39:19
MERGED from [com.google.android.datatransport:transport-runtime:3.1.8] AndroidManifest.xml:25:5-39:19
	android:extractNativeLibs
		INJECTED from src\main\AndroidManifest.xml
	android:appComponentFactory
		ADDED from [androidx.core:core:1.2.0] AndroidManifest.xml:24:18-86
	android:supportsRtl
		ADDED from src\main\AndroidManifest.xml:30:9-35
	android:label
		ADDED from src\main\AndroidManifest.xml:28:9-40
	android:manageSpaceActivity
		ADDED from src\main\AndroidManifest.xml:29:9-105
	android:roundIcon
		ADDED from src\main\AndroidManifest.xml:32:9-54
	android:icon
		ADDED from src\main\AndroidManifest.xml:27:9-43
	android:allowBackup
		ADDED from src\main\AndroidManifest.xml:26:9-35
	android:theme
		ADDED from src\main\AndroidManifest.xml:31:9-68
	android:name
		ADDED from src\main\AndroidManifest.xml:25:9-35
meta-data#asset_statements
ADDED from src\main\AndroidManifest.xml:33:9-97
	android:resource
		ADDED from src\main\AndroidManifest.xml:33:52-94
	android:name
		ADDED from src\main\AndroidManifest.xml:33:20-51
meta-data#web_manifest_url
ADDED from src\main\AndroidManifest.xml:35:9-93
	android:value
		ADDED from src\main\AndroidManifest.xml:35:52-90
	android:name
		ADDED from src\main\AndroidManifest.xml:35:20-51
meta-data#twa_generator
ADDED from src\main\AndroidManifest.xml:37:9-88
	android:value
		ADDED from src\main\AndroidManifest.xml:37:49-85
	android:name
		ADDED from src\main\AndroidManifest.xml:37:20-48
activity#com.google.androidbrowserhelper.trusted.ManageDataLauncherActivity
ADDED from src\main\AndroidManifest.xml:39:9-52:20
	android:enabled
		ADDED from src\main\AndroidManifest.xml:42:13-35
	android:excludeFromRecents
		ADDED from src\main\AndroidManifest.xml:43:13-46
	android:exported
		ADDED from src\main\AndroidManifest.xml:41:13-37
	android:name
		ADDED from src\main\AndroidManifest.xml:40:13-94
meta-data#android.support.customtabs.trusted.MANAGE_SPACE_URL
ADDED from src\main\AndroidManifest.xml:44:13-47:15
	android:value
		ADDED from src\main\AndroidManifest.xml:46:17-50
	android:name
		ADDED from src\main\AndroidManifest.xml:45:17-83
intent-filter#action:name:android.intent.action.APPLICATION_PREFERENCES+category:name:android.intent.category.DEFAULT
ADDED from src\main\AndroidManifest.xml:48:13-51:29
action#android.intent.action.APPLICATION_PREFERENCES
ADDED from src\main\AndroidManifest.xml:49:17-88
	android:name
		ADDED from src\main\AndroidManifest.xml:49:25-85
category#android.intent.category.DEFAULT
ADDED from src\main\AndroidManifest.xml:50:17-76
	android:name
		ADDED from src\main\AndroidManifest.xml:50:27-73
activity#com.bextrader.app.LauncherActivity
ADDED from src\main\AndroidManifest.xml:54:9-137:20
	android:label
		ADDED from src\main\AndroidManifest.xml:57:13-49
	android:exported
		ADDED from src\main\AndroidManifest.xml:58:13-36
	android:alwaysRetainTaskState
		ADDED from src\main\AndroidManifest.xml:56:13-49
	android:name
		ADDED from src\main\AndroidManifest.xml:55:13-44
meta-data#android.support.customtabs.trusted.DEFAULT_URL
ADDED from src\main\AndroidManifest.xml:59:13-62:15
	android:value
		ADDED from src\main\AndroidManifest.xml:61:17-50
	android:name
		ADDED from src\main\AndroidManifest.xml:60:17-78
meta-data#android.support.customtabs.trusted.STATUS_BAR_COLOR
ADDED from src\main\AndroidManifest.xml:64:13-67:15
	android:resource
		ADDED from src\main\AndroidManifest.xml:66:17-55
	android:name
		ADDED from src\main\AndroidManifest.xml:65:17-83
meta-data#android.support.customtabs.trusted.STATUS_BAR_COLOR_DARK
ADDED from src\main\AndroidManifest.xml:69:13-72:15
	android:resource
		ADDED from src\main\AndroidManifest.xml:71:17-59
	android:name
		ADDED from src\main\AndroidManifest.xml:70:17-88
meta-data#android.support.customtabs.trusted.NAVIGATION_BAR_COLOR
ADDED from src\main\AndroidManifest.xml:74:13-77:15
	android:resource
		ADDED from src\main\AndroidManifest.xml:76:17-58
	android:name
		ADDED from src\main\AndroidManifest.xml:75:17-87
meta-data#android.support.customtabs.trusted.NAVIGATION_BAR_COLOR_DARK
ADDED from src\main\AndroidManifest.xml:79:13-82:15
	android:resource
		ADDED from src\main\AndroidManifest.xml:81:17-62
	android:name
		ADDED from src\main\AndroidManifest.xml:80:17-92
meta-data#androix.browser.trusted.NAVIGATION_BAR_DIVIDER_COLOR
ADDED from src\main\AndroidManifest.xml:84:13-87:15
	android:resource
		ADDED from src\main\AndroidManifest.xml:86:17-65
	android:name
		ADDED from src\main\AndroidManifest.xml:85:17-84
meta-data#androix.browser.trusted.NAVIGATION_BAR_DIVIDER_COLOR_DARK
ADDED from src\main\AndroidManifest.xml:89:13-92:15
	android:resource
		ADDED from src\main\AndroidManifest.xml:91:17-69
	android:name
		ADDED from src\main\AndroidManifest.xml:90:17-89
meta-data#android.support.customtabs.trusted.SPLASH_IMAGE_DRAWABLE
ADDED from src\main\AndroidManifest.xml:94:13-97:15
	android:resource
		ADDED from src\main\AndroidManifest.xml:96:17-52
	android:name
		ADDED from src\main\AndroidManifest.xml:95:17-88
meta-data#android.support.customtabs.trusted.SPLASH_SCREEN_BACKGROUND_COLOR
ADDED from src\main\AndroidManifest.xml:99:13-102:15
	android:resource
		ADDED from src\main\AndroidManifest.xml:101:17-58
	android:name
		ADDED from src\main\AndroidManifest.xml:100:17-97
meta-data#android.support.customtabs.trusted.SPLASH_SCREEN_FADE_OUT_DURATION
ADDED from src\main\AndroidManifest.xml:104:13-107:15
	android:value
		ADDED from src\main\AndroidManifest.xml:106:17-69
	android:name
		ADDED from src\main\AndroidManifest.xml:105:17-98
meta-data#android.support.customtabs.trusted.FILE_PROVIDER_AUTHORITY
ADDED from src\main\AndroidManifest.xml:109:13-112:15
	android:value
		ADDED from src\main\AndroidManifest.xml:111:17-58
	android:name
		ADDED from src\main\AndroidManifest.xml:110:17-90
meta-data#android.app.shortcuts
ADDED from src\main\AndroidManifest.xml:114:13-97
	android:resource
		ADDED from src\main\AndroidManifest.xml:114:61-94
	android:name
		ADDED from src\main\AndroidManifest.xml:114:24-60
meta-data#android.support.customtabs.trusted.FALLBACK_STRATEGY
ADDED from src\main\AndroidManifest.xml:116:13-119:15
	android:value
		ADDED from src\main\AndroidManifest.xml:118:17-53
	android:name
		ADDED from src\main\AndroidManifest.xml:117:17-84
meta-data#android.support.customtabs.trusted.SCREEN_ORIENTATION
ADDED from src\main\AndroidManifest.xml:121:13-124:15
	android:value
		ADDED from src\main\AndroidManifest.xml:123:17-52
	android:name
		ADDED from src\main\AndroidManifest.xml:122:17-85
intent-filter#action:name:android.intent.action.MAIN+category:name:android.intent.category.LAUNCHER
ADDED from src\main\AndroidManifest.xml:126:13-129:29
action#android.intent.action.MAIN
ADDED from src\main\AndroidManifest.xml:127:17-69
	android:name
		ADDED from src\main\AndroidManifest.xml:127:25-66
category#android.intent.category.LAUNCHER
ADDED from src\main\AndroidManifest.xml:128:17-77
	android:name
		ADDED from src\main\AndroidManifest.xml:128:27-74
intent-filter#action:name:android.intent.action.VIEW+category:name:android.intent.category.BROWSABLE+category:name:android.intent.category.DEFAULT+data:host:@string/hostName+data:scheme:https
ADDED from src\main\AndroidManifest.xml:131:13-136:29
	android:autoVerify
		ADDED from src\main\AndroidManifest.xml:131:28-53
action#android.intent.action.VIEW
ADDED from src\main\AndroidManifest.xml:132:17-69
	android:name
		ADDED from src\main\AndroidManifest.xml:132:25-66
category#android.intent.category.BROWSABLE
ADDED from src\main\AndroidManifest.xml:134:17-78
	android:name
		ADDED from src\main\AndroidManifest.xml:134:27-75
data
ADDED from src\main\AndroidManifest.xml:135:17-80
	android:host
		ADDED from src\main\AndroidManifest.xml:135:46-77
	android:scheme
		ADDED from src\main\AndroidManifest.xml:135:23-45
activity#com.google.androidbrowserhelper.trusted.FocusActivity
ADDED from src\main\AndroidManifest.xml:139:9-90
	android:name
		ADDED from src\main\AndroidManifest.xml:139:19-87
activity#com.google.androidbrowserhelper.trusted.WebViewFallbackActivity
ADDED from src\main\AndroidManifest.xml:141:9-144:11
	android:configChanges
		ADDED from src\main\AndroidManifest.xml:143:13-59
	android:name
		ADDED from src\main\AndroidManifest.xml:142:13-91
provider#androidx.core.content.FileProvider
ADDED from src\main\AndroidManifest.xml:146:9-152:20
	android:grantUriPermissions
		ADDED from src\main\AndroidManifest.xml:149:13-47
	android:authorities
		ADDED from src\main\AndroidManifest.xml:148:13-60
	android:exported
		ADDED from src\main\AndroidManifest.xml:150:13-37
	android:name
		ADDED from src\main\AndroidManifest.xml:147:13-62
meta-data#android.support.FILE_PROVIDER_PATHS
ADDED from src\main\AndroidManifest.xml:151:13-111
	android:resource
		ADDED from src\main\AndroidManifest.xml:151:75-108
	android:name
		ADDED from src\main\AndroidManifest.xml:151:24-74
service#com.bextrader.app.DelegationService
ADDED from src\main\AndroidManifest.xml:154:9-167:19
	android:enabled
		ADDED from src\main\AndroidManifest.xml:156:13-55
	android:exported
		ADDED from src\main\AndroidManifest.xml:157:13-56
	android:name
		ADDED from src\main\AndroidManifest.xml:155:13-46
meta-data#android.support.customtabs.trusted.SMALL_ICON
ADDED from src\main\AndroidManifest.xml:158:13-161:15
	android:resource
		ADDED from src\main\AndroidManifest.xml:160:17-66
	android:name
		ADDED from src\main\AndroidManifest.xml:159:17-77
intent-filter#action:name:android.support.customtabs.trusted.TRUSTED_WEB_ACTIVITY_SERVICE+category:name:android.intent.category.DEFAULT
ADDED from src\main\AndroidManifest.xml:163:13-166:29
action#android.support.customtabs.trusted.TRUSTED_WEB_ACTIVITY_SERVICE
ADDED from src\main\AndroidManifest.xml:164:17-106
	android:name
		ADDED from src\main\AndroidManifest.xml:164:25-103
activity#com.google.androidbrowserhelper.trusted.NotificationPermissionRequestActivity
ADDED from src\main\AndroidManifest.xml:169:9-114
	android:name
		ADDED from src\main\AndroidManifest.xml:169:19-111
activity#com.google.androidbrowserhelper.playbilling.provider.PaymentActivity
ADDED from src\main\AndroidManifest.xml:171:9-184:20
	android:exported
		ADDED from src\main\AndroidManifest.xml:175:13-36
	android:configChanges
		ADDED from src\main\AndroidManifest.xml:174:13-96
	android:theme
		ADDED from src\main\AndroidManifest.xml:173:13-72
	android:name
		ADDED from src\main\AndroidManifest.xml:172:13-96
intent-filter#action:name:org.chromium.intent.action.PAY
ADDED from src\main\AndroidManifest.xml:176:13-178:29
action#org.chromium.intent.action.PAY
ADDED from src\main\AndroidManifest.xml:177:17-73
	android:name
		ADDED from src\main\AndroidManifest.xml:177:25-70
meta-data#org.chromium.default_payment_method_name
ADDED from src\main\AndroidManifest.xml:180:13-183:15
	android:value
		ADDED from src\main\AndroidManifest.xml:182:17-64
	android:name
		ADDED from src\main\AndroidManifest.xml:181:17-72
service#com.google.androidbrowserhelper.playbilling.provider.PaymentService
ADDED from src\main\AndroidManifest.xml:187:9-193:19
	android:exported
		ADDED from src\main\AndroidManifest.xml:189:13-36
	android:name
		ADDED from src\main\AndroidManifest.xml:188:13-95
intent-filter#action:name:org.chromium.intent.action.IS_READY_TO_PAY
ADDED from src\main\AndroidManifest.xml:190:13-192:29
action#org.chromium.intent.action.IS_READY_TO_PAY
ADDED from src\main\AndroidManifest.xml:191:17-85
	android:name
		ADDED from src\main\AndroidManifest.xml:191:25-82
uses-sdk
INJECTED from src\main\AndroidManifest.xml reason: use-sdk injection requested
INJECTED from src\main\AndroidManifest.xml
INJECTED from src\main\AndroidManifest.xml
MERGED from [com.google.androidbrowserhelper:billing:1.1.0] AndroidManifest.xml:5:5-44
MERGED from [com.google.androidbrowserhelper:billing:1.1.0] AndroidManifest.xml:5:5-44
MERGED from [com.google.androidbrowserhelper:androidbrowserhelper:2.5.0] AndroidManifest.xml:22:5-24:41
MERGED from [com.google.androidbrowserhelper:androidbrowserhelper:2.5.0] AndroidManifest.xml:22:5-24:41
MERGED from [androidx.browser:browser:1.4.0] AndroidManifest.xml:20:5-22:41
MERGED from [androidx.browser:browser:1.4.0] AndroidManifest.xml:20:5-22:41
MERGED from [com.android.billingclient:billing:7.1.1] AndroidManifest.xml:6:5-8:41
MERGED from [com.android.billingclient:billing:7.1.1] AndroidManifest.xml:6:5-8:41
MERGED from [com.google.android.gms:play-services-location:19.0.0] AndroidManifest.xml:5:5-44
MERGED from [com.google.android.gms:play-services-location:19.0.0] AndroidManifest.xml:5:5-44
MERGED from [com.google.android.gms:play-services-base:18.5.0] AndroidManifest.xml:3:5-44
MERGED from [com.google.android.gms:play-services-base:18.5.0] AndroidManifest.xml:3:5-44
MERGED from [com.google.android.gms:play-services-tasks:18.2.0] AndroidManifest.xml:3:5-44
MERGED from [com.google.android.gms:play-services-tasks:18.2.0] AndroidManifest.xml:3:5-44
MERGED from [com.google.android.gms:play-services-places-placereport:17.0.0] AndroidManifest.xml:20:5-44
MERGED from [com.google.android.gms:play-services-places-placereport:17.0.0] AndroidManifest.xml:20:5-44
MERGED from [com.google.android.gms:play-services-basement:18.4.0] AndroidManifest.xml:3:5-44
MERGED from [com.google.android.gms:play-services-basement:18.4.0] AndroidManifest.xml:3:5-44
MERGED from [androidx.fragment:fragment:1.1.0] AndroidManifest.xml:20:5-22:41
MERGED from [androidx.fragment:fragment:1.1.0] AndroidManifest.xml:20:5-22:41
MERGED from [androidx.activity:activity:1.2.3] AndroidManifest.xml:20:5-22:41
MERGED from [androidx.activity:activity:1.2.3] AndroidManifest.xml:20:5-22:41
MERGED from [androidx.viewpager:viewpager:1.0.0] AndroidManifest.xml:20:5-44
MERGED from [androidx.viewpager:viewpager:1.0.0] AndroidManifest.xml:20:5-44
MERGED from [androidx.loader:loader:1.0.0] AndroidManifest.xml:20:5-44
MERGED from [androidx.loader:loader:1.0.0] AndroidManifest.xml:20:5-44
MERGED from [androidx.customview:customview:1.0.0] AndroidManifest.xml:20:5-44
MERGED from [androidx.customview:customview:1.0.0] AndroidManifest.xml:20:5-44
MERGED from [androidx.core:core:1.2.0] AndroidManifest.xml:20:5-22:41
MERGED from [androidx.core:core:1.2.0] AndroidManifest.xml:20:5-22:41
MERGED from [androidx.versionedparcelable:versionedparcelable:1.1.0] AndroidManifest.xml:20:5-22:41
MERGED from [androidx.versionedparcelable:versionedparcelable:1.1.0] AndroidManifest.xml:20:5-22:41
MERGED from [androidx.interpolator:interpolator:1.0.0] AndroidManifest.xml:20:5-44
MERGED from [androidx.interpolator:interpolator:1.0.0] AndroidManifest.xml:20:5-44
MERGED from [com.google.android.datatransport:transport-backend-cct:3.1.8] AndroidManifest.xml:18:5-20:41
MERGED from [com.google.android.datatransport:transport-backend-cct:3.1.8] AndroidManifest.xml:18:5-20:41
MERGED from [com.google.android.datatransport:transport-runtime:3.1.8] AndroidManifest.xml:18:5-20:41
MERGED from [com.google.android.datatransport:transport-runtime:3.1.8] AndroidManifest.xml:18:5-20:41
MERGED from [com.google.android.datatransport:transport-api:3.0.0] AndroidManifest.xml:18:5-20:41
MERGED from [com.google.android.datatransport:transport-api:3.0.0] AndroidManifest.xml:18:5-20:41
MERGED from [androidx.lifecycle:lifecycle-runtime:2.3.1] AndroidManifest.xml:20:5-22:41
MERGED from [androidx.lifecycle:lifecycle-runtime:2.3.1] AndroidManifest.xml:20:5-22:41
MERGED from [androidx.lifecycle:lifecycle-viewmodel-savedstate:2.3.1] AndroidManifest.xml:20:5-22:41
MERGED from [androidx.lifecycle:lifecycle-viewmodel-savedstate:2.3.1] AndroidManifest.xml:20:5-22:41
MERGED from [androidx.lifecycle:lifecycle-viewmodel:2.3.1] AndroidManifest.xml:20:5-22:41
MERGED from [androidx.lifecycle:lifecycle-viewmodel:2.3.1] AndroidManifest.xml:20:5-22:41
MERGED from [androidx.savedstate:savedstate:1.1.0] AndroidManifest.xml:20:5-22:41
MERGED from [androidx.savedstate:savedstate:1.1.0] AndroidManifest.xml:20:5-22:41
MERGED from [androidx.tracing:tracing:1.0.0] AndroidManifest.xml:20:5-22:41
MERGED from [androidx.tracing:tracing:1.0.0] AndroidManifest.xml:20:5-22:41
MERGED from [com.google.firebase:firebase-encoders-json:18.0.0] AndroidManifest.xml:19:5-21:41
MERGED from [com.google.firebase:firebase-encoders-json:18.0.0] AndroidManifest.xml:19:5-21:41
MERGED from [androidx.lifecycle:lifecycle-livedata:2.0.0] AndroidManifest.xml:20:5-44
MERGED from [androidx.lifecycle:lifecycle-livedata:2.0.0] AndroidManifest.xml:20:5-44
MERGED from [androidx.lifecycle:lifecycle-livedata-core:2.3.1] AndroidManifest.xml:20:5-22:41
MERGED from [androidx.lifecycle:lifecycle-livedata-core:2.3.1] AndroidManifest.xml:20:5-22:41
MERGED from [androidx.arch.core:core-runtime:2.1.0] AndroidManifest.xml:20:5-22:41
MERGED from [androidx.arch.core:core-runtime:2.1.0] AndroidManifest.xml:20:5-22:41
	android:targetSdkVersion
		INJECTED from src\main\AndroidManifest.xml
	android:minSdkVersion
		INJECTED from src\main\AndroidManifest.xml
queries
ADDED from [com.google.androidbrowserhelper:androidbrowserhelper:2.5.0] AndroidManifest.xml:26:5-34:15
MERGED from [com.android.billingclient:billing:7.1.1] AndroidManifest.xml:12:5-19:15
MERGED from [com.android.billingclient:billing:7.1.1] AndroidManifest.xml:12:5-19:15
intent#action:name:android.intent.action.VIEW+category:name:android.intent.category.BROWSABLE+data:scheme:https
ADDED from [com.google.androidbrowserhelper:androidbrowserhelper:2.5.0] AndroidManifest.xml:27:9-33:18
uses-permission#com.android.vending.BILLING
ADDED from [com.android.billingclient:billing:7.1.1] AndroidManifest.xml:10:5-67
	android:name
		ADDED from [com.android.billingclient:billing:7.1.1] AndroidManifest.xml:10:22-64
intent#action:name:com.android.vending.billing.InAppBillingService.BIND
ADDED from [com.android.billingclient:billing:7.1.1] AndroidManifest.xml:13:9-15:18
action#com.android.vending.billing.InAppBillingService.BIND
ADDED from [com.android.billingclient:billing:7.1.1] AndroidManifest.xml:14:13-91
	android:name
		ADDED from [com.android.billingclient:billing:7.1.1] AndroidManifest.xml:14:21-88
intent#action:name:com.google.android.apps.play.billingtestcompanion.BillingOverrideService.BIND
ADDED from [com.android.billingclient:billing:7.1.1] AndroidManifest.xml:16:9-18:18
action#com.google.android.apps.play.billingtestcompanion.BillingOverrideService.BIND
ADDED from [com.android.billingclient:billing:7.1.1] AndroidManifest.xml:17:13-116
	android:name
		ADDED from [com.android.billingclient:billing:7.1.1] AndroidManifest.xml:17:21-113
meta-data#com.google.android.play.billingclient.version
ADDED from [com.android.billingclient:billing:7.1.1] AndroidManifest.xml:22:9-24:37
	android:value
		ADDED from [com.android.billingclient:billing:7.1.1] AndroidManifest.xml:24:13-34
	android:name
		ADDED from [com.android.billingclient:billing:7.1.1] AndroidManifest.xml:23:13-73
activity#com.android.billingclient.api.ProxyBillingActivity
ADDED from [com.android.billingclient:billing:7.1.1] AndroidManifest.xml:26:9-30:75
	android:exported
		ADDED from [com.android.billingclient:billing:7.1.1] AndroidManifest.xml:29:13-37
	android:configChanges
		ADDED from [com.android.billingclient:billing:7.1.1] AndroidManifest.xml:28:13-96
	android:theme
		ADDED from [com.android.billingclient:billing:7.1.1] AndroidManifest.xml:30:13-72
	android:name
		ADDED from [com.android.billingclient:billing:7.1.1] AndroidManifest.xml:27:13-78
activity#com.android.billingclient.api.ProxyBillingActivityV2
ADDED from [com.android.billingclient:billing:7.1.1] AndroidManifest.xml:31:9-35:75
	android:exported
		ADDED from [com.android.billingclient:billing:7.1.1] AndroidManifest.xml:34:13-37
	android:configChanges
		ADDED from [com.android.billingclient:billing:7.1.1] AndroidManifest.xml:33:13-96
	android:theme
		ADDED from [com.android.billingclient:billing:7.1.1] AndroidManifest.xml:35:13-72
	android:name
		ADDED from [com.android.billingclient:billing:7.1.1] AndroidManifest.xml:32:13-80
activity#com.google.android.gms.common.api.GoogleApiActivity
ADDED from [com.google.android.gms:play-services-base:18.5.0] AndroidManifest.xml:5:9-173
	android:exported
		ADDED from [com.google.android.gms:play-services-base:18.5.0] AndroidManifest.xml:5:146-170
	android:theme
		ADDED from [com.google.android.gms:play-services-base:18.5.0] AndroidManifest.xml:5:86-145
	android:name
		ADDED from [com.google.android.gms:play-services-base:18.5.0] AndroidManifest.xml:5:19-85
meta-data#com.google.android.gms.version
ADDED from [com.google.android.gms:play-services-basement:18.4.0] AndroidManifest.xml:6:9-122
	android:value
		ADDED from [com.google.android.gms:play-services-basement:18.4.0] AndroidManifest.xml:6:66-119
	android:name
		ADDED from [com.google.android.gms:play-services-basement:18.4.0] AndroidManifest.xml:6:20-65
uses-permission#android.permission.ACCESS_NETWORK_STATE
ADDED from [com.google.android.datatransport:transport-backend-cct:3.1.8] AndroidManifest.xml:24:5-79
MERGED from [com.google.android.datatransport:transport-runtime:3.1.8] AndroidManifest.xml:22:5-79
MERGED from [com.google.android.datatransport:transport-runtime:3.1.8] AndroidManifest.xml:22:5-79
	android:name
		ADDED from [com.google.android.datatransport:transport-backend-cct:3.1.8] AndroidManifest.xml:24:22-76
uses-permission#android.permission.INTERNET
ADDED from [com.google.android.datatransport:transport-backend-cct:3.1.8] AndroidManifest.xml:25:5-67
	android:name
		ADDED from [com.google.android.datatransport:transport-backend-cct:3.1.8] AndroidManifest.xml:25:22-64
service#com.google.android.datatransport.runtime.backends.TransportBackendDiscovery
ADDED from [com.google.android.datatransport:transport-backend-cct:3.1.8] AndroidManifest.xml:28:9-34:19
MERGED from [com.google.android.datatransport:transport-runtime:3.1.8] AndroidManifest.xml:36:9-38:40
MERGED from [com.google.android.datatransport:transport-runtime:3.1.8] AndroidManifest.xml:36:9-38:40
	android:exported
		ADDED from [com.google.android.datatransport:transport-backend-cct:3.1.8] AndroidManifest.xml:30:13-37
	android:name
		ADDED from [com.google.android.datatransport:transport-backend-cct:3.1.8] AndroidManifest.xml:29:13-103
meta-data#backend:com.google.android.datatransport.cct.CctBackendFactory
ADDED from [com.google.android.datatransport:transport-backend-cct:3.1.8] AndroidManifest.xml:31:13-33:39
	android:value
		ADDED from [com.google.android.datatransport:transport-backend-cct:3.1.8] AndroidManifest.xml:33:17-36
	android:name
		ADDED from [com.google.android.datatransport:transport-backend-cct:3.1.8] AndroidManifest.xml:32:17-94
service#com.google.android.datatransport.runtime.scheduling.jobscheduling.JobInfoSchedulerService
ADDED from [com.google.android.datatransport:transport-runtime:3.1.8] AndroidManifest.xml:26:9-30:19
	android:exported
		ADDED from [com.google.android.datatransport:transport-runtime:3.1.8] AndroidManifest.xml:28:13-37
	android:permission
		ADDED from [com.google.android.datatransport:transport-runtime:3.1.8] AndroidManifest.xml:29:13-69
	android:name
		ADDED from [com.google.android.datatransport:transport-runtime:3.1.8] AndroidManifest.xml:27:13-117
receiver#com.google.android.datatransport.runtime.scheduling.jobscheduling.AlarmManagerSchedulerBroadcastReceiver
ADDED from [com.google.android.datatransport:transport-runtime:3.1.8] AndroidManifest.xml:32:9-34:40
	android:exported
		ADDED from [com.google.android.datatransport:transport-runtime:3.1.8] AndroidManifest.xml:34:13-37
	android:name
		ADDED from [com.google.android.datatransport:transport-runtime:3.1.8] AndroidManifest.xml:33:13-132